#
# There is insufficient memory for the Java Runtime Environment to continue.
# Native memory allocation (mmap) failed to map 268435456 bytes for Failed to commit area from 0x0000000701600000 to 0x0000000711600000 of length 268435456.
# Possible reasons:
#   The system is out of physical RAM or swap space
#   The process is running with CompressedOops enabled, and the Java Heap may be blocking the growth of the native heap
# Possible solutions:
#   Reduce memory load on the system
#   Increase physical memory or swap space
#   Check if swap backing store is full
#   Decrease Java heap size (-Xmx/-Xms)
#   Decrease number of Java threads
#   Decrease Java thread stack sizes (-Xss)
#   Set larger code cache with -XX:ReservedCodeCacheSize=
# This output file may be truncated or incomplete.
#
#  Out of Memory Error (./src/hotspot/os/windows/os_windows.cpp:3387), pid=15760, tid=15488
#
# JRE version:  (11.0.14.1+1) (build )
# Java VM: OpenJDK 64-Bit Server VM (11.0.14.1+1, mixed mode, sharing, tiered, compressed oops, g1 gc, windows-amd64)
# No core dump will be written. Minidumps are not enabled by default on client versions of Windows
#

---------------  S U M M A R Y ------------

Command Line: 

Host: AMD Ryzen 5 5600X 6-Core Processor             , 12 cores, 15G,  Windows 11 , 64 bit Build 22621 (10.0.22621.963)
Time: Wed Jun 11 21:41:35 2025 Hora estándar de Argentina elapsed time: 0.121550 seconds (0d 0h 0m 0s)

---------------  T H R E A D  ---------------

Current thread (0x000001b3da7e5000):  JavaThread "Unknown thread" [_thread_in_vm, id=15488, stack(0x0000008d46300000,0x0000008d46400000)]

Stack: [0x0000008d46300000,0x0000008d46400000]
Native frames: (J=compiled Java code, j=interpreted, Vv=VM code, C=native code)
V  [jvm.dll+0x61e59a]
V  [jvm.dll+0x7aaca9]
V  [jvm.dll+0x7ac398]
V  [jvm.dll+0x7aca73]
V  [jvm.dll+0x24f9b8]
V  [jvm.dll+0x61b83a]
V  [jvm.dll+0x6100c5]
V  [jvm.dll+0x30772c]
V  [jvm.dll+0x3075b2]
V  [jvm.dll+0x30c2d6]
V  [jvm.dll+0x35272f]
V  [jvm.dll+0x352160]
V  [jvm.dll+0x2e4728]
V  [jvm.dll+0x2e5886]
V  [jvm.dll+0x784b07]
V  [jvm.dll+0x78628f]
V  [jvm.dll+0x35f479]
V  [jvm.dll+0x767aa0]
V  [jvm.dll+0x3ccf1f]
V  [jvm.dll+0x3cf2b1]
C  [jli.dll+0x5207]
C  [ucrtbase.dll+0x29363]
C  [KERNEL32.DLL+0x126bd]
C  [ntdll.dll+0x5dfb8]


---------------  P R O C E S S  ---------------

Threads class SMR info:
_java_thread_list=0x000001b3d8496fa0, length=0, elements={
}

Java Threads: ( => current thread )

Other Threads:
  0x000001b3da7fd000 GCTaskThread "GC Thread#0" [stack: 0x0000008d46400000,0x0000008d46500000] [id=9140]
  0x000001b3da85d000 ConcurrentGCThread "G1 Main Marker" [stack: 0x0000008d46500000,0x0000008d46600000] [id=24732]
  0x000001b3da85e000 ConcurrentGCThread "G1 Conc#0" [stack: 0x0000008d46600000,0x0000008d46700000] [id=1680]

[error occurred during error reporting (printing all threads), id 0xc0000005, EXCEPTION_ACCESS_VIOLATION (0xc0000005) at pc=0x00007ff8480b3ef7]

VM state:not at safepoint (not fully initialized)

VM Mutex/Monitor currently owned by a thread:  ([mutex/lock_event])
[0x000001b3da7e0ed0] Heap_lock - owner thread: 0x000001b3da7e5000

Heap address: 0x0000000701600000, size: 4074 MB, Compressed Oops mode: Non-zero based: 0x0000000701600000
Narrow klass base: 0x0000000000000000, Narrow klass shift: 0

GC Heap History (0 events):
No events

Deoptimization events (0 events):
No events

Classes redefined (0 events):
No events

Internal exceptions (0 events):
No events

Events (1 events):
Event: 0.116 Loaded shared library C:\Program Files\Unity\Hub\Editor\2023.2.20f1\Editor\Data\PlaybackEngines\AndroidPlayer\OpenJDK\bin\zip.dll


Dynamic libraries:
0x00007ff622ef0000 - 0x00007ff622efd000 	C:\Program Files\Unity\Hub\Editor\2023.2.20f1\Editor\Data\PlaybackEngines\AndroidPlayer\OpenJDK\bin\java.exe
0x00007ff971c50000 - 0x00007ff971e64000 	C:\Windows\SYSTEM32\ntdll.dll
0x00007ff96fab0000 - 0x00007ff96fb73000 	C:\Windows\System32\KERNEL32.DLL
0x00007ff96f410000 - 0x00007ff96f7ad000 	C:\Windows\System32\KERNELBASE.dll
0x00007ff96f0e0000 - 0x00007ff96f1f1000 	C:\Windows\System32\ucrtbase.dll
0x00007ff9514f0000 - 0x00007ff951507000 	C:\Program Files\Unity\Hub\Editor\2023.2.20f1\Editor\Data\PlaybackEngines\AndroidPlayer\OpenJDK\bin\jli.dll
0x00007ff951460000 - 0x00007ff951475000 	C:\Program Files\Unity\Hub\Editor\2023.2.20f1\Editor\Data\PlaybackEngines\AndroidPlayer\OpenJDK\bin\VCRUNTIME140.dll
0x00007ff96fee0000 - 0x00007ff97008d000 	C:\Windows\System32\USER32.dll
0x00007ff95b840000 - 0x00007ff95bace000 	C:\Windows\WinSxS\amd64_microsoft.windows.common-controls_6595b64144ccf1df_6.0.22621.608_none_a9444ca7c10bb01d\COMCTL32.dll
0x00007ff96f0b0000 - 0x00007ff96f0d6000 	C:\Windows\System32\win32u.dll
0x00007ff96fd30000 - 0x00007ff96fdd7000 	C:\Windows\System32\msvcrt.dll
0x00007ff96fa80000 - 0x00007ff96faa9000 	C:\Windows\System32\GDI32.dll
0x00007ff96f200000 - 0x00007ff96f312000 	C:\Windows\System32\gdi32full.dll
0x00007ff96f7b0000 - 0x00007ff96f84a000 	C:\Windows\System32\msvcp_win.dll
0x00007ff971450000 - 0x00007ff971482000 	C:\Windows\System32\IMM32.DLL
0x00007ff935920000 - 0x00007ff9359bb000 	C:\Program Files\Unity\Hub\Editor\2023.2.20f1\Editor\Data\PlaybackEngines\AndroidPlayer\OpenJDK\bin\msvcp140.dll
0x00007ff847dc0000 - 0x00007ff848941000 	C:\Program Files\Unity\Hub\Editor\2023.2.20f1\Editor\Data\PlaybackEngines\AndroidPlayer\OpenJDK\bin\server\jvm.dll
0x00007ff971ba0000 - 0x00007ff971c4e000 	C:\Windows\System32\ADVAPI32.dll
0x00007ff971750000 - 0x00007ff9717f4000 	C:\Windows\System32\sechost.dll
0x00007ff971330000 - 0x00007ff971445000 	C:\Windows\System32\RPCRT4.dll
0x00007ff970960000 - 0x00007ff970968000 	C:\Windows\System32\PSAPI.DLL
0x00007ff966200000 - 0x00007ff966209000 	C:\Windows\SYSTEM32\WSOCK32.dll
0x00007ff968f60000 - 0x00007ff968f6a000 	C:\Windows\SYSTEM32\VERSION.dll
0x00007ff964900000 - 0x00007ff964934000 	C:\Windows\SYSTEM32\WINMM.dll
0x00007ff9714b0000 - 0x00007ff971521000 	C:\Windows\System32\WS2_32.dll
0x00007ff96e230000 - 0x00007ff96e248000 	C:\Windows\SYSTEM32\kernel.appcore.dll
0x00007ff9514a0000 - 0x00007ff9514b0000 	C:\Program Files\Unity\Hub\Editor\2023.2.20f1\Editor\Data\PlaybackEngines\AndroidPlayer\OpenJDK\bin\verify.dll
0x00007ff96ca00000 - 0x00007ff96cc2e000 	C:\Windows\SYSTEM32\DBGHELP.DLL
0x00007ff971800000 - 0x00007ff971b8a000 	C:\Windows\System32\combase.dll
0x00007ff971530000 - 0x00007ff971607000 	C:\Windows\System32\OLEAUT32.dll
0x00007ff966d90000 - 0x00007ff966dc2000 	C:\Windows\SYSTEM32\dbgcore.DLL
0x00007ff96f320000 - 0x00007ff96f39b000 	C:\Windows\System32\bcryptPrimitives.dll
0x00007ff951410000 - 0x00007ff951438000 	C:\Program Files\Unity\Hub\Editor\2023.2.20f1\Editor\Data\PlaybackEngines\AndroidPlayer\OpenJDK\bin\java.dll
0x00007ff951400000 - 0x00007ff95140a000 	C:\Program Files\Unity\Hub\Editor\2023.2.20f1\Editor\Data\PlaybackEngines\AndroidPlayer\OpenJDK\bin\jimage.dll
0x00007ff9513e0000 - 0x00007ff9513f8000 	C:\Program Files\Unity\Hub\Editor\2023.2.20f1\Editor\Data\PlaybackEngines\AndroidPlayer\OpenJDK\bin\zip.dll

dbghelp: loaded successfully - version: 4.0.5 - missing functions: none
symbol engine: initialized successfully - sym options: 0x614 - pdb path: .;C:\Program Files\Unity\Hub\Editor\2023.2.20f1\Editor\Data\PlaybackEngines\AndroidPlayer\OpenJDK\bin;C:\Windows\SYSTEM32;C:\Windows\WinSxS\amd64_microsoft.windows.common-controls_6595b64144ccf1df_6.0.22621.608_none_a9444ca7c10bb01d;C:\Program Files\Unity\Hub\Editor\2023.2.20f1\Editor\Data\PlaybackEngines\AndroidPlayer\OpenJDK\bin\server

VM Arguments:
java_command: <unknown>
java_class_path (initial): <not set>
Launcher Type: SUN_STANDARD

[Global flags]
     intx CICompilerCount                          = 4                                         {product} {ergonomic}
     uint ConcGCThreads                            = 3                                         {product} {ergonomic}
     uint G1ConcRefinementThreads                  = 10                                        {product} {ergonomic}
   size_t G1HeapRegionSize                         = 1048576                                   {product} {ergonomic}
    uintx GCDrainStackTargetSize                   = 64                                        {product} {ergonomic}
   size_t InitialHeapSize                          = 268435456                                 {product} {ergonomic}
   size_t MarkStackSize                            = 4194304                                   {product} {ergonomic}
   size_t MaxHeapSize                              = 4271898624                                {product} {ergonomic}
   size_t MinHeapDeltaBytes                        = 1048576                                   {product} {ergonomic}
    uintx NonNMethodCodeHeapSize                   = 5836300                                {pd product} {ergonomic}
    uintx NonProfiledCodeHeapSize                  = 122910970                              {pd product} {ergonomic}
    uintx ProfiledCodeHeapSize                     = 122910970                              {pd product} {ergonomic}
    uintx ReservedCodeCacheSize                    = 251658240                              {pd product} {ergonomic}
     bool SegmentedCodeCache                       = true                                      {product} {ergonomic}
     bool UseCompressedClassPointers               = true                                 {lp64_product} {ergonomic}
     bool UseCompressedOops                        = true                                 {lp64_product} {ergonomic}
     bool UseG1GC                                  = true                                      {product} {ergonomic}
     bool UseLargePagesIndividualAllocation        = false                                  {pd product} {ergonomic}

Logging:
Log output configuration:
 #0: stdout all=warning uptime,level,tags
 #1: stderr all=off uptime,level,tags

Environment Variables:
JAVA_HOME=C:\Program Files\Unity\Hub\Editor\2023.2.20f1\Editor\Data\PlaybackEngines\AndroidPlayer\OpenJDK
PATH=C:\Windows\system32;C:\Windows;C:\Windows\System32\Wbem;C:\Windows\System32\WindowsPowerShell\v1.0\;C:\Windows\System32\OpenSSH\;C:\Program Files (x86)\NVIDIA Corporation\PhysX\Common;C:\Program Files\NVIDIA Corporation\NVIDIA NvDLISR;C:\Program Files (x86)\Microsoft SQL Server\160\Tools\Binn\;C:\Program Files\Microsoft SQL Server\160\Tools\Binn\;C:\Program Files\Microsoft SQL Server\Client SDK\ODBC\170\Tools\Binn\;C:\Program Files\Microsoft SQL Server\160\DTS\Binn\;C:\Program Files (x86)\Microsoft SQL Server\160\DTS\Binn\;C:\Program Files\dotnet\;C:\Program Files\Git\cmd;C:\Program Files\TortoiseGit\bin;C:\Users\Federico\AppData\Local\Microsoft\WindowsApps;C:\Users\Federico\AppData\Local\Programs\Microsoft VS Code\bin;C:\Users\Federico\.dotnet\tools;C:\Users\Federico\AppData\Local\GitHubDesktop\bin;C:\Users\Federico\AppData\Local\Muse Hub\lib
USERNAME=Federico
OS=Windows_NT
PROCESSOR_IDENTIFIER=AMD64 Family 25 Model 33 Stepping 0, AuthenticAMD



---------------  S Y S T E M  ---------------

OS: Windows 11 , 64 bit Build 22621 (10.0.22621.963)
OS uptime: 1 days 1:28 hours

CPU:total 12 (initial active 12) (12 cores per cpu, 2 threads per core) family 25 model 33 stepping 0 microcode 0x0, cmov, cx8, fxsr, mmx, sse, sse2, sse3, ssse3, sse4.1, sse4.2, popcnt, avx, avx2, aes, clmul, erms, mmxext, 3dnowpref, lzcnt, sse4a, ht, tsc, tscinvbit, tscinv, bmi1, bmi2, adx, sha, fma

Memory: 4k page, system-wide physical 16294M (459M free)
TotalPageFile size 26534M (AvailPageFile size 49M)
current process WorkingSet (physical memory assigned to process): 10M, peak: 10M
current process commit charge ("private bytes"): 65M, peak: 320M

vm_info: OpenJDK 64-Bit Server VM (11.0.14.1+1) for windows-amd64 JRE (11.0.14.1+1), built on Feb  9 2022 01:48:27 by "" with unknown MS VC++:1916

END.
